c:\users\alpog\source\repos\ob015662_hw1\ob015662_hw1\debug\vc142.pdb
c:\users\alpog\source\repos\ob015662_hw1\ob015662_hw1\debug\vc142.ıdb
c:\users\alpog\source\repos\ob015662_hw1\ob015662_hw1\debug\testbed.obj
c:\users\alpog\source\repos\ob015662_hw1\ob015662_hw1\debug\selectıonalgorıthm.obj
c:\users\alpog\source\repos\ob015662_hw1\ob015662_hw1\debug\bınaryheap.obj
c:\users\alpog\source\repos\ob015662_hw1\ob015662_hw1\debug\algorıthmsortquıck.obj
c:\users\alpog\source\repos\ob015662_hw1\ob015662_hw1\debug\algorıthmsortheap.obj
c:\users\alpog\source\repos\ob015662_hw1\ob015662_hw1\debug\maın.obj
c:\users\alpog\source\repos\ob015662_hw1\ob015662_hw1\debug\algorıthmsortk.obj
c:\users\alpog\source\repos\ob015662_hw1\ob015662_hw1\debug\algorıthmsortall.obj
c:\users\alpog\source\repos\ob015662_hw1\debug\ob015662_hw1.ılk
c:\users\alpog\source\repos\ob015662_hw1\debug\ob015662_hw1.exe
c:\users\alpog\source\repos\ob015662_hw1\debug\ob015662_hw1.pdb
c:\users\alpog\source\repos\ob015662_hw1\ob015662_hw1\debug\algorithmsortall.obj
c:\users\alpog\source\repos\ob015662_hw1\ob015662_hw1\debug\algorithmsortheap.obj
c:\users\alpog\source\repos\ob015662_hw1\ob015662_hw1\debug\algorithmsortk.obj
c:\users\alpog\source\repos\ob015662_hw1\ob015662_hw1\debug\algorithmsortquick.obj
c:\users\alpog\source\repos\ob015662_hw1\ob015662_hw1\debug\binaryheap.obj
c:\users\alpog\source\repos\ob015662_hw1\ob015662_hw1\debug\main.obj
c:\users\alpog\source\repos\ob015662_hw1\ob015662_hw1\debug\selectionalgorithm.obj
c:\users\alpog\source\repos\ob015662_hw1\ob015662_hw1\debug\vc142.idb
c:\users\alpog\source\repos\ob015662_hw1\debug\ob015662_hw1.ilk
c:\users\alpog\source\repos\ob015662_hw1\ob015662_hw1\debug\ob015662_hw1.tlog\cl.command.1.tlog
c:\users\alpog\source\repos\ob015662_hw1\ob015662_hw1\debug\ob015662_hw1.tlog\cl.read.1.tlog
c:\users\alpog\source\repos\ob015662_hw1\ob015662_hw1\debug\ob015662_hw1.tlog\cl.write.1.tlog
c:\users\alpog\source\repos\ob015662_hw1\ob015662_hw1\debug\ob015662_hw1.tlog\link.command.1.tlog
c:\users\alpog\source\repos\ob015662_hw1\ob015662_hw1\debug\ob015662_hw1.tlog\link.read.1.tlog
c:\users\alpog\source\repos\ob015662_hw1\ob015662_hw1\debug\ob015662_hw1.tlog\link.write.1.tlog
