c:\users\alpog\source\repos\hw3\hw3\debug\vc142.pdb
c:\users\alpog\source\repos\hw3\hw3\debug\vc142.ıdb
c:\users\alpog\source\repos\hw3\hw3\debug\testbed.obj
c:\users\alpog\source\repos\hw3\hw3\debug\selectıonalgorıthm.obj
c:\users\alpog\source\repos\hw3\hw3\debug\maın.obj
c:\users\alpog\source\repos\hw3\hw3\debug\bınaryheap.obj
c:\users\alpog\source\repos\hw3\hw3\debug\algorıthmsortheap.obj
c:\users\alpog\source\repos\hw3\debug\hw3.ılk
c:\users\alpog\source\repos\hw3\debug\hw3.exe
c:\users\alpog\source\repos\hw3\debug\hw3.pdb
c:\users\alpog\source\repos\hw3\hw3\debug\algorithmsortheap.obj
c:\users\alpog\source\repos\hw3\hw3\debug\binaryheap.obj
c:\users\alpog\source\repos\hw3\hw3\debug\main.obj
c:\users\alpog\source\repos\hw3\hw3\debug\selectionalgorithm.obj
c:\users\alpog\source\repos\hw3\hw3\debug\vc142.idb
c:\users\alpog\source\repos\hw3\debug\hw3.ilk
c:\users\alpog\source\repos\hw3\hw3\debug\hw3.tlog\cl.command.1.tlog
c:\users\alpog\source\repos\hw3\hw3\debug\hw3.tlog\cl.read.1.tlog
c:\users\alpog\source\repos\hw3\hw3\debug\hw3.tlog\cl.write.1.tlog
c:\users\alpog\source\repos\hw3\hw3\debug\hw3.tlog\link.command.1.tlog
c:\users\alpog\source\repos\hw3\hw3\debug\hw3.tlog\link.read.1.tlog
c:\users\alpog\source\repos\hw3\hw3\debug\hw3.tlog\link.write.1.tlog
