c:\users\alpog\source\repos\hw4\hw4\debug\vc142.pdb
c:\users\alpog\source\repos\hw4\hw4\debug\vc142.ıdb
c:\users\alpog\source\repos\hw4\hw4\debug\testınputgenerator.obj
c:\users\alpog\source\repos\hw4\hw4\debug\testbed.obj
c:\users\alpog\source\repos\hw4\hw4\debug\selectıonalgorıthm.obj
c:\users\alpog\source\repos\hw4\hw4\debug\maın.obj
c:\users\alpog\source\repos\hw4\hw4\debug\algorıthmsortquıck.obj
c:\users\alpog\source\repos\hw4\debug\hw4.ılk
c:\users\alpog\source\repos\hw4\debug\hw4.exe
c:\users\alpog\source\repos\hw4\debug\hw4.pdb
c:\users\alpog\source\repos\hw4\hw4\debug\algorithmsortquick.obj
c:\users\alpog\source\repos\hw4\hw4\debug\main.obj
c:\users\alpog\source\repos\hw4\hw4\debug\selectionalgorithm.obj
c:\users\alpog\source\repos\hw4\hw4\debug\vc142.idb
c:\users\alpog\source\repos\hw4\debug\hw4.ilk
c:\users\alpog\source\repos\hw4\hw4\debug\hw4.tlog\cl.command.1.tlog
c:\users\alpog\source\repos\hw4\hw4\debug\hw4.tlog\cl.read.1.tlog
c:\users\alpog\source\repos\hw4\hw4\debug\hw4.tlog\cl.write.1.tlog
c:\users\alpog\source\repos\hw4\hw4\debug\hw4.tlog\link.command.1.tlog
c:\users\alpog\source\repos\hw4\hw4\debug\hw4.tlog\link.read.1.tlog
c:\users\alpog\source\repos\hw4\hw4\debug\hw4.tlog\link.write.1.tlog
